{"C:/Users/Usuario/Desktop/ciba-coworking-front/src/components/buttons/ButtonStyled.jsx": {"path":"C:/Users/Usuario/Desktop/ciba-coworking-front/src/components/buttons/ButtonStyled.jsx","statementMap":{"0":{"start":{"line":3,"column":29},"end":{"line":18,"column":1}},"1":{"start":{"line":19,"column":28},"end":{"line":34,"column":1}},"2":{"start":{"line":35,"column":28},"end":{"line":45,"column":1}},"3":{"start":{"line":46,"column":33},"end":{"line":56,"column":1}},"4":{"start":{"line":57,"column":26},"end":{"line":68,"column":1}},"5":{"start":{"line":70,"column":28},"end":{"line":101,"column":1}},"6":{"start":{"line":71,"column":37},"end":{"line":71,"column":43}},"7":{"start":{"line":91,"column":35},"end":{"line":91,"column":41}},"8":{"start":{"line":95,"column":39},"end":{"line":95,"column":51}},"9":{"start":{"line":99,"column":39},"end":{"line":99,"column":51}},"10":{"start":{"line":103,"column":27},"end":{"line":114,"column":1}},"11":{"start":{"line":116,"column":34},"end":{"line":121,"column":1}},"12":{"start":{"line":123,"column":33},"end":{"line":125,"column":1}},"13":{"start":{"line":127,"column":29},"end":{"line":151,"column":1}}},"fnMap":{"0":{"name":"(anonymous_0)","decl":{"start":{"line":71,"column":22},"end":{"line":71,"column":23}},"loc":{"start":{"line":71,"column":37},"end":{"line":71,"column":43}}},"1":{"name":"(anonymous_1)","decl":{"start":{"line":91,"column":20},"end":{"line":91,"column":21}},"loc":{"start":{"line":91,"column":35},"end":{"line":91,"column":41}}},"2":{"name":"(anonymous_2)","decl":{"start":{"line":95,"column":24},"end":{"line":95,"column":25}},"loc":{"start":{"line":95,"column":39},"end":{"line":95,"column":51}}},"3":{"name":"(anonymous_3)","decl":{"start":{"line":99,"column":24},"end":{"line":99,"column":25}},"loc":{"start":{"line":99,"column":39},"end":{"line":99,"column":51}}}},"branchMap":{},"s":{"0":5,"1":5,"2":5,"3":5,"4":5,"5":5,"6":3,"7":3,"8":3,"9":3,"10":5,"11":5,"12":5,"13":5},"f":{"0":3,"1":3,"2":3,"3":3},"b":{}}
,"C:/Users/Usuario/Desktop/ciba-coworking-front/src/components/buttons/CancelButton.jsx": {"path":"C:/Users/Usuario/Desktop/ciba-coworking-front/src/components/buttons/CancelButton.jsx","statementMap":{"0":{"start":{"line":3,"column":21},"end":{"line":10,"column":null}}},"fnMap":{"0":{"name":"(anonymous_0)","decl":{"start":{"line":3,"column":21},"end":{"line":3,"column":22}},"loc":{"start":{"line":3,"column":41},"end":{"line":10,"column":null}}}},"branchMap":{},"s":{"0":1},"f":{"0":2},"b":{}}
,"C:/Users/Usuario/Desktop/ciba-coworking-front/src/components/buttons/CancelButton.test.jsx": {"path":"C:/Users/Usuario/Desktop/ciba-coworking-front/src/components/buttons/CancelButton.test.jsx","statementMap":{"0":{"start":{"line":5,"column":0},"end":{"line":19,"column":null}},"1":{"start":{"line":6,"column":2},"end":{"line":10,"column":null}},"2":{"start":{"line":8,"column":19},"end":{"line":8,"column":null}},"3":{"start":{"line":9,"column":4},"end":{"line":9,"column":null}},"4":{"start":{"line":12,"column":2},"end":{"line":18,"column":null}},"5":{"start":{"line":13,"column":24},"end":{"line":13,"column":null}},"6":{"start":{"line":15,"column":19},"end":{"line":15,"column":null}},"7":{"start":{"line":16,"column":4},"end":{"line":16,"column":null}},"8":{"start":{"line":17,"column":4},"end":{"line":17,"column":null}}},"fnMap":{"0":{"name":"(anonymous_0)","decl":{"start":{"line":5,"column":35},"end":{"line":5,"column":null}},"loc":{"start":{"line":5,"column":35},"end":{"line":19,"column":null}}},"1":{"name":"(anonymous_1)","decl":{"start":{"line":6,"column":53},"end":{"line":6,"column":null}},"loc":{"start":{"line":6,"column":53},"end":{"line":10,"column":null}}},"2":{"name":"(anonymous_2)","decl":{"start":{"line":12,"column":41},"end":{"line":12,"column":null}},"loc":{"start":{"line":12,"column":41},"end":{"line":18,"column":null}}}},"branchMap":{},"s":{"0":1,"1":1,"2":1,"3":1,"4":1,"5":1,"6":1,"7":1,"8":1},"f":{"0":1,"1":1,"2":1},"b":{}}
,"C:/Users/Usuario/Desktop/ciba-coworking-front/src/components/buttons/ConfirmButton.jsx": {"path":"C:/Users/Usuario/Desktop/ciba-coworking-front/src/components/buttons/ConfirmButton.jsx","statementMap":{"0":{"start":{"line":3,"column":22},"end":{"line":9,"column":null}}},"fnMap":{"0":{"name":"(anonymous_0)","decl":{"start":{"line":3,"column":22},"end":{"line":3,"column":23}},"loc":{"start":{"line":3,"column":59},"end":{"line":9,"column":null}}}},"branchMap":{"0":{"loc":{"start":{"line":3,"column":43},"end":{"line":3,"column":58}},"type":"default-arg","locations":[{"start":{"line":3,"column":50},"end":{"line":3,"column":58}}]}},"s":{"0":2},"f":{"0":9},"b":{"0":[7]}}
,"C:/Users/Usuario/Desktop/ciba-coworking-front/src/components/buttons/ConfirmButton.test.jsx": {"path":"C:/Users/Usuario/Desktop/ciba-coworking-front/src/components/buttons/ConfirmButton.test.jsx","statementMap":{"0":{"start":{"line":5,"column":0},"end":{"line":31,"column":null}},"1":{"start":{"line":6,"column":2},"end":{"line":10,"column":null}},"2":{"start":{"line":8,"column":19},"end":{"line":8,"column":null}},"3":{"start":{"line":9,"column":4},"end":{"line":9,"column":null}},"4":{"start":{"line":12,"column":2},"end":{"line":18,"column":null}},"5":{"start":{"line":13,"column":24},"end":{"line":13,"column":33}},"6":{"start":{"line":15,"column":19},"end":{"line":15,"column":null}},"7":{"start":{"line":16,"column":4},"end":{"line":16,"column":29}},"8":{"start":{"line":17,"column":4},"end":{"line":17,"column":44}},"9":{"start":{"line":20,"column":2},"end":{"line":24,"column":null}},"10":{"start":{"line":22,"column":19},"end":{"line":22,"column":null}},"11":{"start":{"line":23,"column":4},"end":{"line":23,"column":54}},"12":{"start":{"line":25,"column":2},"end":{"line":29,"column":null}},"13":{"start":{"line":27,"column":19},"end":{"line":27,"column":null}},"14":{"start":{"line":28,"column":4},"end":{"line":28,"column":40}}},"fnMap":{"0":{"name":"(anonymous_0)","decl":{"start":{"line":5,"column":36},"end":{"line":5,"column":null}},"loc":{"start":{"line":5,"column":36},"end":{"line":31,"column":null}}},"1":{"name":"(anonymous_1)","decl":{"start":{"line":6,"column":54},"end":{"line":6,"column":null}},"loc":{"start":{"line":6,"column":54},"end":{"line":10,"column":null}}},"2":{"name":"(anonymous_2)","decl":{"start":{"line":12,"column":41},"end":{"line":12,"column":null}},"loc":{"start":{"line":12,"column":41},"end":{"line":18,"column":null}}},"3":{"name":"(anonymous_3)","decl":{"start":{"line":20,"column":47},"end":{"line":20,"column":null}},"loc":{"start":{"line":20,"column":47},"end":{"line":24,"column":null}}},"4":{"name":"(anonymous_4)","decl":{"start":{"line":25,"column":61},"end":{"line":25,"column":null}},"loc":{"start":{"line":25,"column":61},"end":{"line":29,"column":null}}}},"branchMap":{},"s":{"0":1,"1":1,"2":1,"3":1,"4":1,"5":1,"6":1,"7":1,"8":1,"9":1,"10":1,"11":1,"12":1,"13":1,"14":1},"f":{"0":1,"1":1,"2":1,"3":1,"4":1},"b":{}}
,"C:/Users/Usuario/Desktop/ciba-coworking-front/src/components/buttons/DeleteButton.test.jsx": {"path":"C:/Users/Usuario/Desktop/ciba-coworking-front/src/components/buttons/DeleteButton.test.jsx","statementMap":{"0":{"start":{"line":5,"column":0},"end":{"line":36,"column":null}},"1":{"start":{"line":6,"column":2},"end":{"line":10,"column":null}},"2":{"start":{"line":8,"column":19},"end":{"line":8,"column":null}},"3":{"start":{"line":9,"column":4},"end":{"line":9,"column":null}},"4":{"start":{"line":12,"column":2},"end":{"line":18,"column":null}},"5":{"start":{"line":13,"column":24},"end":{"line":13,"column":33}},"6":{"start":{"line":15,"column":19},"end":{"line":15,"column":null}},"7":{"start":{"line":16,"column":4},"end":{"line":16,"column":29}},"8":{"start":{"line":17,"column":4},"end":{"line":17,"column":44}},"9":{"start":{"line":20,"column":2},"end":{"line":24,"column":null}},"10":{"start":{"line":22,"column":19},"end":{"line":22,"column":null}},"11":{"start":{"line":23,"column":4},"end":{"line":23,"column":54}},"12":{"start":{"line":25,"column":2},"end":{"line":29,"column":null}},"13":{"start":{"line":27,"column":19},"end":{"line":27,"column":null}},"14":{"start":{"line":28,"column":4},"end":{"line":28,"column":null}},"15":{"start":{"line":30,"column":2},"end":{"line":34,"column":null}},"16":{"start":{"line":32,"column":19},"end":{"line":32,"column":null}},"17":{"start":{"line":33,"column":4},"end":{"line":33,"column":54}}},"fnMap":{"0":{"name":"(anonymous_0)","decl":{"start":{"line":5,"column":36},"end":{"line":5,"column":null}},"loc":{"start":{"line":5,"column":36},"end":{"line":36,"column":null}}},"1":{"name":"(anonymous_1)","decl":{"start":{"line":6,"column":54},"end":{"line":6,"column":null}},"loc":{"start":{"line":6,"column":54},"end":{"line":10,"column":null}}},"2":{"name":"(anonymous_2)","decl":{"start":{"line":12,"column":41},"end":{"line":12,"column":null}},"loc":{"start":{"line":12,"column":41},"end":{"line":18,"column":null}}},"3":{"name":"(anonymous_3)","decl":{"start":{"line":20,"column":47},"end":{"line":20,"column":null}},"loc":{"start":{"line":20,"column":47},"end":{"line":24,"column":null}}},"4":{"name":"(anonymous_4)","decl":{"start":{"line":25,"column":68},"end":{"line":25,"column":null}},"loc":{"start":{"line":25,"column":68},"end":{"line":29,"column":null}}},"5":{"name":"(anonymous_5)","decl":{"start":{"line":30,"column":45},"end":{"line":30,"column":null}},"loc":{"start":{"line":30,"column":45},"end":{"line":34,"column":null}}}},"branchMap":{},"s":{"0":1,"1":1,"2":1,"3":1,"4":1,"5":1,"6":1,"7":1,"8":1,"9":1,"10":1,"11":1,"12":1,"13":1,"14":1,"15":1,"16":1,"17":1},"f":{"0":1,"1":1,"2":1,"3":1,"4":1,"5":1},"b":{}}
,"C:/Users/Usuario/Desktop/ciba-coworking-front/src/components/buttons/EditButton.jsx": {"path":"C:/Users/Usuario/Desktop/ciba-coworking-front/src/components/buttons/EditButton.jsx","statementMap":{},"fnMap":{"0":{"name":"EditButton","decl":{"start":{"line":4,"column":9},"end":{"line":4,"column":20}},"loc":{"start":{"line":4,"column":31},"end":{"line":10,"column":null}}}},"branchMap":{},"s":{},"f":{"0":3},"b":{}}
,"C:/Users/Usuario/Desktop/ciba-coworking-front/src/components/buttons/EditButton.test.jsx": {"path":"C:/Users/Usuario/Desktop/ciba-coworking-front/src/components/buttons/EditButton.test.jsx","statementMap":{"0":{"start":{"line":5,"column":0},"end":{"line":34,"column":null}},"1":{"start":{"line":7,"column":2},"end":{"line":15,"column":null}},"2":{"start":{"line":9,"column":19},"end":{"line":9,"column":47}},"3":{"start":{"line":10,"column":4},"end":{"line":10,"column":40}},"4":{"start":{"line":13,"column":17},"end":{"line":13,"column":46}},"5":{"start":{"line":14,"column":4},"end":{"line":14,"column":38}},"6":{"start":{"line":17,"column":2},"end":{"line":23,"column":null}},"7":{"start":{"line":18,"column":24},"end":{"line":18,"column":33}},"8":{"start":{"line":20,"column":19},"end":{"line":20,"column":47}},"9":{"start":{"line":21,"column":4},"end":{"line":21,"column":29}},"10":{"start":{"line":22,"column":4},"end":{"line":22,"column":44}},"11":{"start":{"line":25,"column":2},"end":{"line":33,"column":null}},"12":{"start":{"line":27,"column":19},"end":{"line":27,"column":47}},"13":{"start":{"line":28,"column":4},"end":{"line":28,"column":40}},"14":{"start":{"line":31,"column":17},"end":{"line":31,"column":46}},"15":{"start":{"line":32,"column":4},"end":{"line":32,"column":38}}},"fnMap":{"0":{"name":"(anonymous_0)","decl":{"start":{"line":5,"column":33},"end":{"line":5,"column":null}},"loc":{"start":{"line":5,"column":33},"end":{"line":34,"column":null}}},"1":{"name":"(anonymous_1)","decl":{"start":{"line":7,"column":56},"end":{"line":7,"column":null}},"loc":{"start":{"line":7,"column":56},"end":{"line":15,"column":null}}},"2":{"name":"(anonymous_2)","decl":{"start":{"line":17,"column":41},"end":{"line":17,"column":null}},"loc":{"start":{"line":17,"column":41},"end":{"line":23,"column":null}}},"3":{"name":"(anonymous_3)","decl":{"start":{"line":25,"column":52},"end":{"line":25,"column":null}},"loc":{"start":{"line":25,"column":52},"end":{"line":33,"column":null}}}},"branchMap":{},"s":{"0":1,"1":1,"2":1,"3":1,"4":1,"5":1,"6":1,"7":1,"8":1,"9":1,"10":1,"11":1,"12":1,"13":1,"14":1,"15":1},"f":{"0":1,"1":1,"2":1,"3":1},"b":{}}
,"C:/Users/Usuario/Desktop/ciba-coworking-front/src/components/buttons/PlacesButton.jsx": {"path":"C:/Users/Usuario/Desktop/ciba-coworking-front/src/components/buttons/PlacesButton.jsx","statementMap":{"0":{"start":{"line":4,"column":21},"end":{"line":12,"column":null}}},"fnMap":{"0":{"name":"(anonymous_0)","decl":{"start":{"line":4,"column":21},"end":{"line":4,"column":22}},"loc":{"start":{"line":4,"column":43},"end":{"line":12,"column":null}}}},"branchMap":{"0":{"loc":{"start":{"line":6,"column":6},"end":{"line":8,"column":7}},"type":"cond-expr","locations":[{"start":{"line":6,"column":6},"end":{"line":8,"column":7}}]}},"s":{"0":1},"f":{"0":4},"b":{"0":[2]}}
,"C:/Users/Usuario/Desktop/ciba-coworking-front/src/components/buttons/PlacesButton.test.jsx": {"path":"C:/Users/Usuario/Desktop/ciba-coworking-front/src/components/buttons/PlacesButton.test.jsx","statementMap":{"0":{"start":{"line":6,"column":0},"end":{"line":38,"column":null}},"1":{"start":{"line":7,"column":2},"end":{"line":15,"column":null}},"2":{"start":{"line":13,"column":19},"end":{"line":13,"column":null}},"3":{"start":{"line":14,"column":4},"end":{"line":14,"column":40}},"4":{"start":{"line":17,"column":2},"end":{"line":21,"column":null}},"5":{"start":{"line":19,"column":26},"end":{"line":19,"column":null}},"6":{"start":{"line":20,"column":4},"end":{"line":20,"column":47}},"7":{"start":{"line":23,"column":2},"end":{"line":31,"column":null}},"8":{"start":{"line":29,"column":17},"end":{"line":29,"column":null}},"9":{"start":{"line":30,"column":4},"end":{"line":30,"column":47}},"10":{"start":{"line":33,"column":2},"end":{"line":37,"column":null}},"11":{"start":{"line":35,"column":17},"end":{"line":35,"column":null}},"12":{"start":{"line":36,"column":4},"end":{"line":36,"column":42}}},"fnMap":{"0":{"name":"(anonymous_0)","decl":{"start":{"line":6,"column":35},"end":{"line":6,"column":null}},"loc":{"start":{"line":6,"column":35},"end":{"line":38,"column":null}}},"1":{"name":"(anonymous_1)","decl":{"start":{"line":7,"column":55},"end":{"line":7,"column":null}},"loc":{"start":{"line":7,"column":55},"end":{"line":15,"column":null}}},"2":{"name":"(anonymous_2)","decl":{"start":{"line":17,"column":58},"end":{"line":17,"column":null}},"loc":{"start":{"line":17,"column":58},"end":{"line":21,"column":null}}},"3":{"name":"(anonymous_3)","decl":{"start":{"line":23,"column":49},"end":{"line":23,"column":null}},"loc":{"start":{"line":23,"column":49},"end":{"line":31,"column":null}}},"4":{"name":"(anonymous_4)","decl":{"start":{"line":33,"column":52},"end":{"line":33,"column":null}},"loc":{"start":{"line":33,"column":52},"end":{"line":37,"column":null}}}},"branchMap":{},"s":{"0":1,"1":1,"2":1,"3":1,"4":1,"5":1,"6":1,"7":1,"8":1,"9":1,"10":1,"11":1,"12":1},"f":{"0":1,"1":1,"2":1,"3":1,"4":1},"b":{}}
}
